<?xml version="1.0" encoding="UTF-8"?>
<coverage generated="1675115504235" clover="3.2.0">
  <project timestamp="1675115504236" name="All files">
    <metrics statements="80" coveredstatements="54" conditionals="24" coveredconditionals="10" methods="28" coveredmethods="14" elements="132" coveredelements="78" complexity="0" loc="80" ncloc="80" packages="3" files="13" classes="13"/>
    <package name="components">
      <metrics statements="46" coveredstatements="22" conditionals="19" coveredconditionals="5" methods="18" coveredmethods="6"/>
      <file name="DashboardMenu.js" path="/mnt/a/KSU/gdsc_webapp_mirrow/src/components/DashboardMenu.js">
        <metrics statements="17" coveredstatements="2" conditionals="10" coveredconditionals="0" methods="6" coveredmethods="0"/>
        <line num="32" count="5" type="stmt"/>
        <line num="33" count="5" type="stmt"/>
        <line num="34" count="0" type="stmt"/>
        <line num="36" count="0" type="stmt"/>
        <line num="37" count="0" type="stmt"/>
        <line num="38" count="0" type="stmt"/>
        <line num="39" count="0" type="stmt"/>
        <line num="40" count="0" type="stmt"/>
        <line num="41" count="0" type="stmt"/>
        <line num="42" count="0" type="stmt"/>
        <line num="44" count="0" type="stmt"/>
        <line num="45" count="0" type="stmt"/>
        <line num="48" count="0" type="stmt"/>
        <line num="83" count="0" type="stmt"/>
        <line num="104" count="0" type="stmt"/>
        <line num="132" count="0" type="stmt"/>
        <line num="251" count="0" type="stmt"/>
      </file>
      <file name="DrawerComp.js" path="/mnt/a/KSU/gdsc_webapp_mirrow/src/components/DrawerComp.js">
        <metrics statements="9" coveredstatements="1" conditionals="0" coveredconditionals="0" methods="5" coveredmethods="0"/>
        <line num="12" count="5" type="stmt"/>
        <line num="13" count="0" type="stmt"/>
        <line num="14" count="0" type="stmt"/>
        <line num="15" count="0" type="stmt"/>
        <line num="16" count="0" type="stmt"/>
        <line num="21" count="0" type="stmt"/>
        <line num="25" count="0" type="stmt"/>
        <line num="26" count="0" type="stmt"/>
        <line num="37" count="0" type="stmt"/>
      </file>
      <file name="Layout.js" path="/mnt/a/KSU/gdsc_webapp_mirrow/src/components/Layout.js">
        <metrics statements="3" coveredstatements="3" conditionals="5" coveredconditionals="2" methods="1" coveredmethods="1"/>
        <line num="7" count="30" type="stmt"/>
        <line num="8" count="30" type="stmt"/>
        <line num="9" count="30" type="stmt"/>
      </file>
      <file name="ProfileCard.js" path="/mnt/a/KSU/gdsc_webapp_mirrow/src/components/ProfileCard.js">
        <metrics statements="2" coveredstatements="2" conditionals="0" coveredconditionals="0" methods="2" coveredmethods="2"/>
        <line num="17" count="8" type="stmt"/>
        <line num="26" count="32" type="stmt"/>
      </file>
      <file name="navbar.js" path="/mnt/a/KSU/gdsc_webapp_mirrow/src/components/navbar.js">
        <metrics statements="15" coveredstatements="14" conditionals="4" coveredconditionals="3" methods="4" coveredmethods="3"/>
        <line num="21" count="5" type="stmt"/>
        <line num="25" count="5" type="stmt"/>
        <line num="27" count="5" type="stmt"/>
        <line num="28" count="40" type="stmt"/>
        <line num="29" count="40" type="stmt"/>
        <line num="30" count="40" type="stmt"/>
        <line num="31" count="40" type="stmt"/>
        <line num="32" count="40" type="stmt"/>
        <line num="33" count="40" type="stmt"/>
        <line num="34" count="5" type="stmt"/>
        <line num="36" count="40" type="cond" truecount="2" falsecount="0"/>
        <line num="37" count="10" type="stmt"/>
        <line num="39" count="30" type="stmt"/>
        <line num="94" count="90" type="stmt"/>
        <line num="111" count="0" type="stmt"/>
      </file>
    </package>
    <package name="pages">
      <metrics statements="32" coveredstatements="30" conditionals="5" coveredconditionals="5" methods="9" coveredmethods="7"/>
      <file name="_app.js" path="/mnt/a/KSU/gdsc_webapp_mirrow/src/pages/_app.js">
        <metrics statements="3" coveredstatements="3" conditionals="1" coveredconditionals="1" methods="1" coveredmethods="1"/>
        <line num="12" count="5" type="stmt"/>
        <line num="15" count="10" type="stmt"/>
        <line num="32" count="5" type="stmt"/>
      </file>
      <file name="about.js" path="/mnt/a/KSU/gdsc_webapp_mirrow/src/pages/about.js">
        <metrics statements="3" coveredstatements="3" conditionals="0" coveredconditionals="0" methods="1" coveredmethods="1"/>
        <line num="5" count="1" type="stmt"/>
        <line num="6" count="2" type="stmt"/>
        <line num="7" count="2" type="stmt"/>
      </file>
      <file name="index.js" path="/mnt/a/KSU/gdsc_webapp_mirrow/src/pages/index.js">
        <metrics statements="7" coveredstatements="7" conditionals="2" coveredconditionals="2" methods="1" coveredmethods="1"/>
        <line num="6" count="1" type="stmt"/>
        <line num="14" count="1" type="stmt"/>
        <line num="23" count="6" type="stmt"/>
        <line num="24" count="6" type="stmt"/>
        <line num="28" count="6" type="cond" truecount="2" falsecount="0"/>
        <line num="29" count="4" type="stmt"/>
        <line num="32" count="2" type="stmt"/>
      </file>
      <file name="opportunities.js" path="/mnt/a/KSU/gdsc_webapp_mirrow/src/pages/opportunities.js">
        <metrics statements="13" coveredstatements="11" conditionals="0" coveredconditionals="0" methods="4" coveredmethods="2"/>
        <line num="23" count="1" type="stmt"/>
        <line num="24" count="2" type="stmt"/>
        <line num="26" count="2" type="stmt"/>
        <line num="27" count="2" type="stmt"/>
        <line num="28" count="0" type="stmt"/>
        <line num="30" count="2" type="stmt"/>
        <line num="38" count="2" type="stmt"/>
        <line num="39" count="0" type="stmt"/>
        <line num="44" count="2" type="stmt"/>
        <line num="46" count="2" type="stmt"/>
        <line num="47" count="12" type="stmt"/>
        <line num="51" count="2" type="stmt"/>
        <line num="65" count="2" type="stmt"/>
      </file>
      <file name="socials.js" path="/mnt/a/KSU/gdsc_webapp_mirrow/src/pages/socials.js">
        <metrics statements="5" coveredstatements="5" conditionals="2" coveredconditionals="2" methods="1" coveredmethods="1"/>
        <line num="7" count="6" type="stmt"/>
        <line num="8" count="6" type="stmt"/>
        <line num="12" count="6" type="cond" truecount="2" falsecount="0"/>
        <line num="13" count="4" type="stmt"/>
        <line num="16" count="2" type="stmt"/>
      </file>
      <file name="team.js" path="/mnt/a/KSU/gdsc_webapp_mirrow/src/pages/team.js">
        <metrics statements="1" coveredstatements="1" conditionals="0" coveredconditionals="0" methods="1" coveredmethods="1"/>
        <line num="7" count="2" type="stmt"/>
      </file>
    </package>
    <package name="themes">
      <metrics statements="2" coveredstatements="2" conditionals="0" coveredconditionals="0" methods="1" coveredmethods="1"/>
      <file name="createEmotionCache.js" path="/mnt/a/KSU/gdsc_webapp_mirrow/src/themes/createEmotionCache.js">
        <metrics statements="1" coveredstatements="1" conditionals="0" coveredconditionals="0" methods="1" coveredmethods="1"/>
        <line num="4" count="5" type="stmt"/>
      </file>
      <file name="theme.js" path="/mnt/a/KSU/gdsc_webapp_mirrow/src/themes/theme.js">
        <metrics statements="1" coveredstatements="1" conditionals="0" coveredconditionals="0" methods="0" coveredmethods="0"/>
        <line num="4" count="5" type="stmt"/>
      </file>
    </package>
  </project>
</coverage>
