{"/mnt/a/KSU/gdsc_webapp_mirrow/src/components/DashboardMenu.js": {"path":"/mnt/a/KSU/gdsc_webapp_mirrow/src/components/DashboardMenu.js","statementMap":{"0":{"start":{"line":32,"column":20},"end":{"line":32,"column":23}},"1":{"start":{"line":33,"column":22},"end":{"line":294,"column":1}},"2":{"start":{"line":34,"column":16},"end":{"line":34,"column":26}},"3":{"start":{"line":36,"column":19},"end":{"line":36,"column":54}},"4":{"start":{"line":37,"column":35},"end":{"line":37,"column":50}},"5":{"start":{"line":38,"column":36},"end":{"line":38,"column":51}},"6":{"start":{"line":39,"column":34},"end":{"line":39,"column":54}},"7":{"start":{"line":40,"column":15},"end":{"line":40,"column":32}},"8":{"start":{"line":41,"column":22},"end":{"line":43,"column":3}},"9":{"start":{"line":42,"column":4},"end":{"line":42,"column":37}},"10":{"start":{"line":44,"column":22},"end":{"line":46,"column":3}},"11":{"start":{"line":45,"column":4},"end":{"line":45,"column":22}},"12":{"start":{"line":48,"column":4},"end":{"line":101,"column":10}},"13":{"start":{"line":83,"column":39},"end":{"line":83,"column":63}},"14":{"start":{"line":104,"column":2},"end":{"line":293,"column":4}},"15":{"start":{"line":132,"column":29},"end":{"line":132,"column":52}},"16":{"start":{"line":251,"column":25},"end":{"line":251,"column":44}}},"fnMap":{"0":{"name":"(anonymous_0)","decl":{"start":{"line":33,"column":22},"end":{"line":33,"column":23}},"loc":{"start":{"line":33,"column":28},"end":{"line":294,"column":1}},"line":33},"1":{"name":"(anonymous_1)","decl":{"start":{"line":41,"column":22},"end":{"line":41,"column":23}},"loc":{"start":{"line":41,"column":33},"end":{"line":43,"column":3}},"line":41},"2":{"name":"(anonymous_2)","decl":{"start":{"line":44,"column":22},"end":{"line":44,"column":23}},"loc":{"start":{"line":44,"column":28},"end":{"line":46,"column":3}},"line":44},"3":{"name":"(anonymous_3)","decl":{"start":{"line":83,"column":33},"end":{"line":83,"column":34}},"loc":{"start":{"line":83,"column":39},"end":{"line":83,"column":63}},"line":83},"4":{"name":"(anonymous_4)","decl":{"start":{"line":132,"column":23},"end":{"line":132,"column":24}},"loc":{"start":{"line":132,"column":29},"end":{"line":132,"column":52}},"line":132},"5":{"name":"(anonymous_5)","decl":{"start":{"line":251,"column":19},"end":{"line":251,"column":20}},"loc":{"start":{"line":251,"column":25},"end":{"line":251,"column":44}},"line":251}},"branchMap":{"0":{"loc":{"start":{"line":88,"column":11},"end":{"line":88,"column":62}},"type":"cond-expr","locations":[{"start":{"line":88,"column":23},"end":{"line":88,"column":41}},{"start":{"line":88,"column":44},"end":{"line":88,"column":62}}],"line":88},"1":{"loc":{"start":{"line":128,"column":11},"end":{"line":137,"column":11}},"type":"binary-expr","locations":[{"start":{"line":128,"column":11},"end":{"line":128,"column":19}},{"start":{"line":129,"column":12},"end":{"line":136,"column":25}}],"line":128},"2":{"loc":{"start":{"line":183,"column":29},"end":{"line":183,"column":62}},"type":"cond-expr","locations":[{"start":{"line":183,"column":36},"end":{"line":183,"column":50}},{"start":{"line":183,"column":53},"end":{"line":183,"column":62}}],"line":183},"3":{"loc":{"start":{"line":185,"column":29},"end":{"line":185,"column":54}},"type":"cond-expr","locations":[{"start":{"line":185,"column":36},"end":{"line":185,"column":42}},{"start":{"line":185,"column":45},"end":{"line":185,"column":54}}],"line":185},"4":{"loc":{"start":{"line":249,"column":18},"end":{"line":249,"column":48}},"type":"cond-expr","locations":[{"start":{"line":249,"column":30},"end":{"line":249,"column":36}},{"start":{"line":249,"column":39},"end":{"line":249,"column":48}}],"line":249}},"s":{"0":5,"1":5,"2":0,"3":0,"4":0,"5":0,"6":0,"7":0,"8":0,"9":0,"10":0,"11":0,"12":0,"13":0,"14":0,"15":0,"16":0},"f":{"0":0,"1":0,"2":0,"3":0,"4":0,"5":0},"b":{"0":[0,0],"1":[0,0],"2":[0,0],"3":[0,0],"4":[0,0]},"_coverageSchema":"1a1c01bbd47fc00a2c39e90264f33305004495a9","hash":"ebea669a4a78b4d6be8b86a2053d041e7a12e98f"}
,"/mnt/a/KSU/gdsc_webapp_mirrow/src/components/DrawerComp.js": {"path":"/mnt/a/KSU/gdsc_webapp_mirrow/src/components/DrawerComp.js","statementMap":{"0":{"start":{"line":12,"column":19},"end":{"line":43,"column":1}},"1":{"start":{"line":13,"column":16},"end":{"line":13,"column":62}},"2":{"start":{"line":14,"column":24},"end":{"line":14,"column":70}},"3":{"start":{"line":15,"column":38},"end":{"line":15,"column":53}},"4":{"start":{"line":16,"column":2},"end":{"line":42,"column":4}},"5":{"start":{"line":21,"column":23},"end":{"line":21,"column":43}},"6":{"start":{"line":25,"column":12},"end":{"line":33,"column":29}},"7":{"start":{"line":26,"column":29},"end":{"line":26,"column":49}},"8":{"start":{"line":37,"column":33},"end":{"line":37,"column":59}}},"fnMap":{"0":{"name":"(anonymous_0)","decl":{"start":{"line":12,"column":19},"end":{"line":12,"column":20}},"loc":{"start":{"line":12,"column":25},"end":{"line":43,"column":1}},"line":12},"1":{"name":"(anonymous_1)","decl":{"start":{"line":21,"column":17},"end":{"line":21,"column":18}},"loc":{"start":{"line":21,"column":23},"end":{"line":21,"column":43}},"line":21},"2":{"name":"(anonymous_2)","decl":{"start":{"line":24,"column":21},"end":{"line":24,"column":22}},"loc":{"start":{"line":25,"column":12},"end":{"line":33,"column":29}},"line":25},"3":{"name":"(anonymous_3)","decl":{"start":{"line":26,"column":23},"end":{"line":26,"column":24}},"loc":{"start":{"line":26,"column":29},"end":{"line":26,"column":49}},"line":26},"4":{"name":"(anonymous_4)","decl":{"start":{"line":37,"column":27},"end":{"line":37,"column":28}},"loc":{"start":{"line":37,"column":33},"end":{"line":37,"column":59}},"line":37}},"branchMap":{},"s":{"0":5,"1":0,"2":0,"3":0,"4":0,"5":0,"6":0,"7":0,"8":0},"f":{"0":0,"1":0,"2":0,"3":0,"4":0},"b":{},"_coverageSchema":"1a1c01bbd47fc00a2c39e90264f33305004495a9","hash":"58f8baf4bc17cdd65eae46247fc4f82b09de31bc"}
,"/mnt/a/KSU/gdsc_webapp_mirrow/src/components/Layout.js": {"path":"/mnt/a/KSU/gdsc_webapp_mirrow/src/components/Layout.js","statementMap":{"0":{"start":{"line":7,"column":44},"end":{"line":7,"column":56}},"1":{"start":{"line":8,"column":19},"end":{"line":8,"column":30}},"2":{"start":{"line":9,"column":4},"end":{"line":14,"column":5}}},"fnMap":{"0":{"name":"Layout","decl":{"start":{"line":6,"column":24},"end":{"line":6,"column":30}},"loc":{"start":{"line":6,"column":45},"end":{"line":15,"column":1}},"line":6}},"branchMap":{"0":{"loc":{"start":{"line":11,"column":13},"end":{"line":11,"column":120}},"type":"cond-expr","locations":[{"start":{"line":11,"column":83},"end":{"line":11,"column":100}},{"start":{"line":11,"column":103},"end":{"line":11,"column":120}}],"line":11},"1":{"loc":{"start":{"line":11,"column":13},"end":{"line":11,"column":80}},"type":"binary-expr","locations":[{"start":{"line":11,"column":13},"end":{"line":11,"column":20}},{"start":{"line":11,"column":24},"end":{"line":11,"column":36}},{"start":{"line":11,"column":40},"end":{"line":11,"column":80}}],"line":11}},"s":{"0":30,"1":30,"2":30},"f":{"0":30},"b":{"0":[0,30],"1":[30,0,0]},"_coverageSchema":"1a1c01bbd47fc00a2c39e90264f33305004495a9","hash":"9ab8b57fa3316ffb49858a57732fbe98f919925c"}
,"/mnt/a/KSU/gdsc_webapp_mirrow/src/components/ProfileCard.js": {"path":"/mnt/a/KSU/gdsc_webapp_mirrow/src/components/ProfileCard.js","statementMap":{"0":{"start":{"line":17,"column":2},"end":{"line":70,"column":4}},"1":{"start":{"line":26,"column":10},"end":{"line":66,"column":17}}},"fnMap":{"0":{"name":"profilecard","decl":{"start":{"line":16,"column":24},"end":{"line":16,"column":35}},"loc":{"start":{"line":16,"column":38},"end":{"line":71,"column":1}},"line":16},"1":{"name":"(anonymous_1)","decl":{"start":{"line":25,"column":34},"end":{"line":25,"column":35}},"loc":{"start":{"line":26,"column":10},"end":{"line":66,"column":17}},"line":26}},"branchMap":{},"s":{"0":8,"1":32},"f":{"0":8,"1":32},"b":{},"_coverageSchema":"1a1c01bbd47fc00a2c39e90264f33305004495a9","hash":"240fb43599c87da58e62dc864a3a9ab6ab64ad67"}
,"/mnt/a/KSU/gdsc_webapp_mirrow/src/components/navbar.js": {"path":"/mnt/a/KSU/gdsc_webapp_mirrow/src/components/navbar.js","statementMap":{"0":{"start":{"line":21,"column":14},"end":{"line":21,"column":51}},"1":{"start":{"line":25,"column":22},"end":{"line":25,"column":59}},"2":{"start":{"line":27,"column":22},"end":{"line":121,"column":1}},"3":{"start":{"line":28,"column":36},"end":{"line":28,"column":48}},"4":{"start":{"line":29,"column":28},"end":{"line":29,"column":38}},"5":{"start":{"line":30,"column":16},"end":{"line":30,"column":26}},"6":{"start":{"line":31,"column":18},"end":{"line":31,"column":61}},"7":{"start":{"line":32,"column":38},"end":{"line":32,"column":59}},"8":{"start":{"line":33,"column":2},"end":{"line":35,"column":9}},"9":{"start":{"line":34,"column":4},"end":{"line":34,"column":24}},"10":{"start":{"line":36,"column":2},"end":{"line":38,"column":3}},"11":{"start":{"line":37,"column":4},"end":{"line":37,"column":16}},"12":{"start":{"line":39,"column":2},"end":{"line":120,"column":4}},"13":{"start":{"line":94,"column":18},"end":{"line":106,"column":27}},"14":{"start":{"line":111,"column":37},"end":{"line":111,"column":68}}},"fnMap":{"0":{"name":"(anonymous_0)","decl":{"start":{"line":27,"column":22},"end":{"line":27,"column":23}},"loc":{"start":{"line":27,"column":33},"end":{"line":121,"column":1}},"line":27},"1":{"name":"(anonymous_1)","decl":{"start":{"line":33,"column":18},"end":{"line":33,"column":19}},"loc":{"start":{"line":33,"column":24},"end":{"line":35,"column":3}},"line":33},"2":{"name":"(anonymous_2)","decl":{"start":{"line":93,"column":27},"end":{"line":93,"column":28}},"loc":{"start":{"line":94,"column":18},"end":{"line":106,"column":27}},"line":94},"3":{"name":"(anonymous_3)","decl":{"start":{"line":111,"column":25},"end":{"line":111,"column":26}},"loc":{"start":{"line":111,"column":37},"end":{"line":111,"column":68}},"line":111}},"branchMap":{"0":{"loc":{"start":{"line":36,"column":2},"end":{"line":38,"column":3}},"type":"if","locations":[{"start":{"line":36,"column":2},"end":{"line":38,"column":3}},{"start":{},"end":{}}],"line":36},"1":{"loc":{"start":{"line":43,"column":11},"end":{"line":116,"column":11}},"type":"cond-expr","locations":[{"start":{"line":44,"column":12},"end":{"line":74,"column":15}},{"start":{"line":76,"column":12},"end":{"line":115,"column":15}}],"line":43}},"s":{"0":5,"1":5,"2":5,"3":40,"4":40,"5":40,"6":40,"7":40,"8":40,"9":5,"10":40,"11":10,"12":30,"13":90,"14":0},"f":{"0":40,"1":5,"2":90,"3":0},"b":{"0":[10,30],"1":[0,30]},"_coverageSchema":"1a1c01bbd47fc00a2c39e90264f33305004495a9","hash":"f784fef3702d2b6a5f8567248b6358db865c6618"}
,"/mnt/a/KSU/gdsc_webapp_mirrow/src/pages/_app.js": {"path":"/mnt/a/KSU/gdsc_webapp_mirrow/src/pages/_app.js","statementMap":{"0":{"start":{"line":12,"column":31},"end":{"line":12,"column":51}},"1":{"start":{"line":15,"column":2},"end":{"line":29,"column":4}},"2":{"start":{"line":32,"column":0},"end":{"line":36,"column":2}}},"fnMap":{"0":{"name":"App","decl":{"start":{"line":14,"column":24},"end":{"line":14,"column":27}},"loc":{"start":{"line":14,"column":119},"end":{"line":30,"column":1}},"line":14}},"branchMap":{"0":{"loc":{"start":{"line":14,"column":41},"end":{"line":14,"column":78}},"type":"default-arg","locations":[{"start":{"line":14,"column":56},"end":{"line":14,"column":78}}],"line":14}},"s":{"0":5,"1":10,"2":5},"f":{"0":10},"b":{"0":[10]},"_coverageSchema":"1a1c01bbd47fc00a2c39e90264f33305004495a9","hash":"7319e8ba1caaa4cce7f0466af687648f598eea27"}
,"/mnt/a/KSU/gdsc_webapp_mirrow/src/pages/about.js": {"path":"/mnt/a/KSU/gdsc_webapp_mirrow/src/pages/about.js","statementMap":{"0":{"start":{"line":5,"column":14},"end":{"line":114,"column":1}},"1":{"start":{"line":6,"column":16},"end":{"line":6,"column":26}},"2":{"start":{"line":7,"column":2},"end":{"line":113,"column":4}}},"fnMap":{"0":{"name":"(anonymous_0)","decl":{"start":{"line":5,"column":14},"end":{"line":5,"column":15}},"loc":{"start":{"line":5,"column":20},"end":{"line":114,"column":1}},"line":5}},"branchMap":{},"s":{"0":1,"1":2,"2":2},"f":{"0":2},"b":{},"_coverageSchema":"1a1c01bbd47fc00a2c39e90264f33305004495a9","hash":"13f4d174686d5bd9f16486fc0d7c472065996344"}
,"/mnt/a/KSU/gdsc_webapp_mirrow/src/pages/index.js": {"path":"/mnt/a/KSU/gdsc_webapp_mirrow/src/pages/index.js","statementMap":{"0":{"start":{"line":6,"column":13},"end":{"line":12,"column":6}},"1":{"start":{"line":14,"column":14},"end":{"line":20,"column":6}},"2":{"start":{"line":23,"column":16},"end":{"line":23,"column":26}},"3":{"start":{"line":24,"column":36},"end":{"line":24,"column":48}},"4":{"start":{"line":28,"column":2},"end":{"line":30,"column":3}},"5":{"start":{"line":29,"column":4},"end":{"line":29,"column":34}},"6":{"start":{"line":32,"column":2},"end":{"line":171,"column":4}}},"fnMap":{"0":{"name":"Index","decl":{"start":{"line":22,"column":24},"end":{"line":22,"column":29}},"loc":{"start":{"line":22,"column":32},"end":{"line":172,"column":1}},"line":22}},"branchMap":{"0":{"loc":{"start":{"line":28,"column":2},"end":{"line":30,"column":3}},"type":"if","locations":[{"start":{"line":28,"column":2},"end":{"line":30,"column":3}},{"start":{},"end":{}}],"line":28}},"s":{"0":1,"1":1,"2":6,"3":6,"4":6,"5":4,"6":2},"f":{"0":6},"b":{"0":[4,2]},"_coverageSchema":"1a1c01bbd47fc00a2c39e90264f33305004495a9","hash":"285c0f6a96cfbdccf98460ac7a06e2f1d26496d7"}
,"/mnt/a/KSU/gdsc_webapp_mirrow/src/pages/opportunities.js": {"path":"/mnt/a/KSU/gdsc_webapp_mirrow/src/pages/opportunities.js","statementMap":{"0":{"start":{"line":23,"column":20},"end":{"line":415,"column":1}},"1":{"start":{"line":24,"column":16},"end":{"line":24,"column":26}},"2":{"start":{"line":26,"column":16},"end":{"line":26,"column":28}},"3":{"start":{"line":27,"column":24},"end":{"line":28,"column":72}},"4":{"start":{"line":28,"column":4},"end":{"line":28,"column":72}},"5":{"start":{"line":30,"column":28},"end":{"line":37,"column":4}},"6":{"start":{"line":38,"column":23},"end":{"line":43,"column":3}},"7":{"start":{"line":39,"column":4},"end":{"line":42,"column":7}},"8":{"start":{"line":44,"column":73},"end":{"line":44,"column":78}},"9":{"start":{"line":46,"column":4},"end":{"line":48,"column":16}},"10":{"start":{"line":47,"column":13},"end":{"line":47,"column":14}},"11":{"start":{"line":51,"column":21},"end":{"line":64,"column":4}},"12":{"start":{"line":65,"column":2},"end":{"line":414,"column":4}}},"fnMap":{"0":{"name":"(anonymous_0)","decl":{"start":{"line":23,"column":20},"end":{"line":23,"column":21}},"loc":{"start":{"line":23,"column":26},"end":{"line":415,"column":1}},"line":23},"1":{"name":"(anonymous_1)","decl":{"start":{"line":27,"column":24},"end":{"line":27,"column":25}},"loc":{"start":{"line":28,"column":4},"end":{"line":28,"column":72}},"line":28},"2":{"name":"(anonymous_2)","decl":{"start":{"line":38,"column":23},"end":{"line":38,"column":24}},"loc":{"start":{"line":38,"column":34},"end":{"line":43,"column":3}},"line":38},"3":{"name":"(anonymous_3)","decl":{"start":{"line":47,"column":6},"end":{"line":47,"column":7}},"loc":{"start":{"line":47,"column":13},"end":{"line":47,"column":14}},"line":47}},"branchMap":{},"s":{"0":1,"1":2,"2":2,"3":2,"4":0,"5":2,"6":2,"7":0,"8":2,"9":2,"10":12,"11":2,"12":2},"f":{"0":2,"1":0,"2":0,"3":12},"b":{},"_coverageSchema":"1a1c01bbd47fc00a2c39e90264f33305004495a9","hash":"a8b8e7417834ac015fff0336b63cd551cda166f7"}
,"/mnt/a/KSU/gdsc_webapp_mirrow/src/pages/socials.js": {"path":"/mnt/a/KSU/gdsc_webapp_mirrow/src/pages/socials.js","statementMap":{"0":{"start":{"line":7,"column":16},"end":{"line":7,"column":26}},"1":{"start":{"line":8,"column":36},"end":{"line":8,"column":48}},"2":{"start":{"line":12,"column":2},"end":{"line":14,"column":3}},"3":{"start":{"line":13,"column":4},"end":{"line":13,"column":34}},"4":{"start":{"line":16,"column":2},"end":{"line":145,"column":4}}},"fnMap":{"0":{"name":"Index","decl":{"start":{"line":6,"column":24},"end":{"line":6,"column":29}},"loc":{"start":{"line":6,"column":32},"end":{"line":146,"column":1}},"line":6}},"branchMap":{"0":{"loc":{"start":{"line":12,"column":2},"end":{"line":14,"column":3}},"type":"if","locations":[{"start":{"line":12,"column":2},"end":{"line":14,"column":3}},{"start":{},"end":{}}],"line":12}},"s":{"0":6,"1":6,"2":6,"3":4,"4":2},"f":{"0":6},"b":{"0":[4,2]},"_coverageSchema":"1a1c01bbd47fc00a2c39e90264f33305004495a9","hash":"65f83be9914b8ff20eff37c2ff578062b258573e"}
,"/mnt/a/KSU/gdsc_webapp_mirrow/src/pages/team.js": {"path":"/mnt/a/KSU/gdsc_webapp_mirrow/src/pages/team.js","statementMap":{"0":{"start":{"line":7,"column":2},"end":{"line":24,"column":4}}},"fnMap":{"0":{"name":"team","decl":{"start":{"line":6,"column":24},"end":{"line":6,"column":28}},"loc":{"start":{"line":6,"column":31},"end":{"line":25,"column":1}},"line":6}},"branchMap":{},"s":{"0":2},"f":{"0":2},"b":{},"_coverageSchema":"1a1c01bbd47fc00a2c39e90264f33305004495a9","hash":"301fdcfff598bedbaa087eaff2c11555ad30ddca"}
,"/mnt/a/KSU/gdsc_webapp_mirrow/src/themes/createEmotionCache.js": {"path":"/mnt/a/KSU/gdsc_webapp_mirrow/src/themes/createEmotionCache.js","statementMap":{"0":{"start":{"line":4,"column":4},"end":{"line":4,"column":51}}},"fnMap":{"0":{"name":"createEmotionCache","decl":{"start":{"line":3,"column":24},"end":{"line":3,"column":42}},"loc":{"start":{"line":3,"column":45},"end":{"line":5,"column":1}},"line":3}},"branchMap":{},"s":{"0":5},"f":{"0":5},"b":{},"_coverageSchema":"1a1c01bbd47fc00a2c39e90264f33305004495a9","hash":"b88424e9f6d5d2c110fff4813790b6cd60a880c3"}
,"/mnt/a/KSU/gdsc_webapp_mirrow/src/themes/theme.js": {"path":"/mnt/a/KSU/gdsc_webapp_mirrow/src/themes/theme.js","statementMap":{"0":{"start":{"line":4,"column":14},"end":{"line":31,"column":2}}},"fnMap":{},"branchMap":{},"s":{"0":5},"f":{},"b":{},"_coverageSchema":"1a1c01bbd47fc00a2c39e90264f33305004495a9","hash":"f6b6eee0043b5e72b9db63e46b2965127eb04f3c"}
}
