TN:
SF:components/DashboardMenu.js
FN:33,(anonymous_0)
FN:41,(anonymous_1)
FN:44,(anonymous_2)
FN:83,(anonymous_3)
FN:132,(anonymous_4)
FN:251,(anonymous_5)
FNF:6
FNH:0
FNDA:0,(anonymous_0)
FNDA:0,(anonymous_1)
FNDA:0,(anonymous_2)
FNDA:0,(anonymous_3)
FNDA:0,(anonymous_4)
FNDA:0,(anonymous_5)
DA:32,5
DA:33,5
DA:34,0
DA:36,0
DA:37,0
DA:38,0
DA:39,0
DA:40,0
DA:41,0
DA:42,0
DA:44,0
DA:45,0
DA:48,0
DA:83,0
DA:104,0
DA:132,0
DA:251,0
LF:17
LH:2
BRDA:88,0,0,0
BRDA:88,0,1,0
BRDA:128,1,0,0
BRDA:128,1,1,0
BRDA:183,2,0,0
BRDA:183,2,1,0
BRDA:185,3,0,0
BRDA:185,3,1,0
BRDA:249,4,0,0
BRDA:249,4,1,0
BRF:10
BRH:0
end_of_record
TN:
SF:components/DrawerComp.js
FN:12,(anonymous_0)
FN:21,(anonymous_1)
FN:24,(anonymous_2)
FN:26,(anonymous_3)
FN:37,(anonymous_4)
FNF:5
FNH:0
FNDA:0,(anonymous_0)
FNDA:0,(anonymous_1)
FNDA:0,(anonymous_2)
FNDA:0,(anonymous_3)
FNDA:0,(anonymous_4)
DA:12,5
DA:13,0
DA:14,0
DA:15,0
DA:16,0
DA:21,0
DA:25,0
DA:26,0
DA:37,0
LF:9
LH:1
BRF:0
BRH:0
end_of_record
TN:
SF:components/Layout.js
FN:6,Layout
FNF:1
FNH:1
FNDA:30,Layout
DA:7,30
DA:8,30
DA:9,30
LF:3
LH:3
BRDA:11,0,0,0
BRDA:11,0,1,30
BRDA:11,1,0,30
BRDA:11,1,1,0
BRDA:11,1,2,0
BRF:5
BRH:2
end_of_record
TN:
SF:components/ProfileCard.js
FN:16,profilecard
FN:25,(anonymous_1)
FNF:2
FNH:2
FNDA:8,profilecard
FNDA:32,(anonymous_1)
DA:17,8
DA:26,32
LF:2
LH:2
BRF:0
BRH:0
end_of_record
TN:
SF:components/navbar.js
FN:27,(anonymous_0)
FN:33,(anonymous_1)
FN:93,(anonymous_2)
FN:111,(anonymous_3)
FNF:4
FNH:3
FNDA:40,(anonymous_0)
FNDA:5,(anonymous_1)
FNDA:90,(anonymous_2)
FNDA:0,(anonymous_3)
DA:21,5
DA:25,5
DA:27,5
DA:28,40
DA:29,40
DA:30,40
DA:31,40
DA:32,40
DA:33,40
DA:34,5
DA:36,40
DA:37,10
DA:39,30
DA:94,90
DA:111,0
LF:15
LH:14
BRDA:36,0,0,10
BRDA:36,0,1,30
BRDA:43,1,0,0
BRDA:43,1,1,30
BRF:4
BRH:3
end_of_record
TN:
SF:pages/_app.js
FN:14,App
FNF:1
FNH:1
FNDA:10,App
DA:12,5
DA:15,10
DA:32,5
LF:3
LH:3
BRDA:14,0,0,10
BRF:1
BRH:1
end_of_record
TN:
SF:pages/about.js
FN:5,(anonymous_0)
FNF:1
FNH:1
FNDA:2,(anonymous_0)
DA:5,1
DA:6,2
DA:7,2
LF:3
LH:3
BRF:0
BRH:0
end_of_record
TN:
SF:pages/index.js
FN:22,Index
FNF:1
FNH:1
FNDA:6,Index
DA:6,1
DA:14,1
DA:23,6
DA:24,6
DA:28,6
DA:29,4
DA:32,2
LF:7
LH:7
BRDA:28,0,0,4
BRDA:28,0,1,2
BRF:2
BRH:2
end_of_record
TN:
SF:pages/opportunities.js
FN:23,(anonymous_0)
FN:27,(anonymous_1)
FN:38,(anonymous_2)
FN:47,(anonymous_3)
FNF:4
FNH:2
FNDA:2,(anonymous_0)
FNDA:0,(anonymous_1)
FNDA:0,(anonymous_2)
FNDA:12,(anonymous_3)
DA:23,1
DA:24,2
DA:26,2
DA:27,2
DA:28,0
DA:30,2
DA:38,2
DA:39,0
DA:44,2
DA:46,2
DA:47,12
DA:51,2
DA:65,2
LF:13
LH:11
BRF:0
BRH:0
end_of_record
TN:
SF:pages/socials.js
FN:6,Index
FNF:1
FNH:1
FNDA:6,Index
DA:7,6
DA:8,6
DA:12,6
DA:13,4
DA:16,2
LF:5
LH:5
BRDA:12,0,0,4
BRDA:12,0,1,2
BRF:2
BRH:2
end_of_record
TN:
SF:pages/team.js
FN:6,team
FNF:1
FNH:1
FNDA:2,team
DA:7,2
LF:1
LH:1
BRF:0
BRH:0
end_of_record
TN:
SF:themes/createEmotionCache.js
FN:3,createEmotionCache
FNF:1
FNH:1
FNDA:5,createEmotionCache
DA:4,5
LF:1
LH:1
BRF:0
BRH:0
end_of_record
TN:
SF:themes/theme.js
FNF:0
FNH:0
DA:4,5
LF:1
LH:1
BRF:0
BRH:0
end_of_record
